# JRE version: OpenJDK Runtime Environment (8.0_202-b03) (build 1.8.0_202-release-1483-b03)
# Java VM: OpenJDK 64-Bit Server VM (25.202-b03 mixed mode windows-amd64 compressed oops)
Heap:
 PSYoungGen      total 219136K, used 219085K [0x00000000e0000000, 0x00000000f1580000, 0x0000000100000000)
  eden space 190976K, 100% used [0x00000000e0000000,0x00000000eba80000,0x00000000eba80000)
  from space 28160K, 99% used [0x00000000ec200000,0x00000000edd73738,0x00000000edd80000)
  to   space 46592K, 12% used [0x00000000ee800000,0x00000000eed9c030,0x00000000f1580000)
 ParOldGen       total 93184K, used 71160K [0x00000000a0000000, 0x00000000a5b00000, 0x00000000e0000000)
  object space 93184K, 76% used [0x00000000a0000000,0x00000000a457e2e8,0x00000000a5b00000)
 Metaspace       used 82842K, capacity 87558K, committed 87768K, reserved 1126400K
  class space    used 10773K, capacity 11686K, committed 11776K, reserved 1048576K
GC Heap History (10 events):
Event: 1965.385 GC heap before
{Heap before GC invocations=14 (full 3):
 PSYoungGen      total 253440K, used 233472K [0x00000000e0000000, 0x00000000f1400000, 0x0000000100000000)
  eden space 233472K, 100% used [0x00000000e0000000,0x00000000ee400000,0x00000000ee400000)
  from space 19968K, 0% used [0x00000000efa00000,0x00000000efa00000,0x00000000f0d80000)
  to   space 22528K, 0% used [0x00000000ee400000,0x00000000ee400000,0x00000000efa00000)
 ParOldGen       total 93184K, used 33277K [0x00000000a0000000, 0x00000000a5b00000, 0x00000000e0000000)
  object space 93184K, 35% used [0x00000000a0000000,0x00000000a207f708,0x00000000a5b00000)
 Metaspace       used 68950K, capacity 71648K, committed 71768K, reserved 1112064K
  class space    used 9006K, capacity 9557K, committed 9600K, reserved 1048576K
Event: 1965.788 GC heap after
Heap after GC invocations=14 (full 3):
 PSYoungGen      total 244224K, used 19501K [0x00000000e0000000, 0x00000000f0c00000, 0x0000000100000000)
  eden space 224256K, 0% used [0x00000000e0000000,0x00000000e0000000,0x00000000edb00000)
  from space 19968K, 97% used [0x00000000ee400000,0x00000000ef70b4e8,0x00000000ef780000)
  to   space 20992K, 0% used [0x00000000ef780000,0x00000000ef780000,0x00000000f0c00000)
 ParOldGen       total 93184K, used 33285K [0x00000000a0000000, 0x00000000a5b00000, 0x00000000e0000000)
  object space 93184K, 35% used [0x00000000a0000000,0x00000000a2081708,0x00000000a5b00000)
 Metaspace       used 68950K, capacity 71648K, committed 71768K, reserved 1112064K
  class space    used 9006K, capacity 9557K, committed 9600K, reserved 1048576K
}
Event: 1981.993 GC heap before
{Heap before GC invocations=15 (full 3):
 PSYoungGen      total 244224K, used 243757K [0x00000000e0000000, 0x00000000f0c00000, 0x0000000100000000)
  eden space 224256K, 100% used [0x00000000e0000000,0x00000000edb00000,0x00000000edb00000)
  from space 19968K, 97% used [0x00000000ee400000,0x00000000ef70b4e8,0x00000000ef780000)
  to   space 20992K, 0% used [0x00000000ef780000,0x00000000ef780000,0x00000000f0c00000)
 ParOldGen       total 93184K, used 33285K [0x00000000a0000000, 0x00000000a5b00000, 0x00000000e0000000)
  object space 93184K, 35% used [0x00000000a0000000,0x00000000a2081708,0x00000000a5b00000)
 Metaspace       used 73021K, capacity 76130K, committed 76248K, reserved 1116160K
  class space    used 9581K, capacity 10171K, committed 10240K, reserved 1048576K
Event: 1982.166 GC heap after
Heap after GC invocations=15 (full 3):
 PSYoungGen      total 236544K, used 20985K [0x00000000e0000000, 0x00000000f0c80000, 0x0000000100000000)
  eden space 215552K, 0% used [0x00000000e0000000,0x00000000e0000000,0x00000000ed280000)
  from space 20992K, 99% used [0x00000000ef780000,0x00000000f0bfe590,0x00000000f0c00000)
  to   space 29696K, 0% used [0x00000000ed280000,0x00000000ed280000,0x00000000eef80000)
 ParOldGen       total 93184K, used 38925K [0x00000000a0000000, 0x00000000a5b00000, 0x00000000e0000000)
  object space 93184K, 41% used [0x00000000a0000000,0x00000000a26035b8,0x00000000a5b00000)
 Metaspace       used 73021K, capacity 76130K, committed 76248K, reserved 1116160K
  class space    used 9581K, capacity 10171K, committed 10240K, reserved 1048576K
}
Event: 2001.053 GC heap before
{Heap before GC invocations=16 (full 3):
 PSYoungGen      total 236544K, used 236537K [0x00000000e0000000, 0x00000000f0c80000, 0x0000000100000000)
  eden space 215552K, 100% used [0x00000000e0000000,0x00000000ed280000,0x00000000ed280000)
  from space 20992K, 99% used [0x00000000ef780000,0x00000000f0bfe590,0x00000000f0c00000)
  to   space 29696K, 0% used [0x00000000ed280000,0x00000000ed280000,0x00000000eef80000)
 ParOldGen       total 93184K, used 38925K [0x00000000a0000000, 0x00000000a5b00000, 0x00000000e0000000)
  object space 93184K, 41% used [0x00000000a0000000,0x00000000a26035b8,0x00000000a5b00000)
 Metaspace       used 78486K, capacity 82396K, committed 82520K, reserved 1120256K
  class space    used 10324K, capacity 11043K, committed 11136K, reserved 1048576K
Event: 2001.184 GC heap after
Heap after GC invocations=16 (full 3):
 PSYoungGen      total 236544K, used 29672K [0x00000000e0000000, 0x00000000f1400000, 0x0000000100000000)
  eden space 206848K, 0% used [0x00000000e0000000,0x00000000e0000000,0x00000000eca00000)
  from space 29696K, 99% used [0x00000000ed280000,0x00000000eef7a190,0x00000000eef80000)
  to   space 37376K, 0% used [0x00000000eef80000,0x00000000eef80000,0x00000000f1400000)
 ParOldGen       total 93184K, used 48388K [0x00000000a0000000, 0x00000000a5b00000, 0x00000000e0000000)
  object space 93184K, 51% used [0x00000000a0000000,0x00000000a2f41248,0x00000000a5b00000)
 Metaspace       used 78486K, capacity 82396K, committed 82520K, reserved 1120256K
  class space    used 10324K, capacity 11043K, committed 11136K, reserved 1048576K
}
Event: 3064.849 GC heap before
{Heap before GC invocations=17 (full 3):
 PSYoungGen      total 236544K, used 236520K [0x00000000e0000000, 0x00000000f1400000, 0x0000000100000000)
  eden space 206848K, 100% used [0x00000000e0000000,0x00000000eca00000,0x00000000eca00000)
  from space 29696K, 99% used [0x00000000ed280000,0x00000000eef7a190,0x00000000eef80000)
  to   space 37376K, 0% used [0x00000000eef80000,0x00000000eef80000,0x00000000f1400000)
 ParOldGen       total 93184K, used 48388K [0x00000000a0000000, 0x00000000a5b00000, 0x00000000e0000000)
  object space 93184K, 51% used [0x00000000a0000000,0x00000000a2f41248,0x00000000a5b00000)
 Metaspace       used 80910K, capacity 85402K, committed 85464K, reserved 1124352K
  class space    used 10607K, capacity 11462K, committed 11520K, reserved 1048576K
Event: 3065.214 GC heap after
Heap after GC invocations=17 (full 3):
 PSYoungGen      total 236032K, used 37364K [0x00000000e0000000, 0x00000000f1a00000, 0x0000000100000000)
  eden space 198656K, 0% used [0x00000000e0000000,0x00000000e0000000,0x00000000ec200000)
  from space 37376K, 99% used [0x00000000eef80000,0x00000000f13fd2b0,0x00000000f1400000)
  to   space 45056K, 0% used [0x00000000ec200000,0x00000000ec200000,0x00000000eee00000)
 ParOldGen       total 93184K, used 52411K [0x00000000a0000000, 0x00000000a5b00000, 0x00000000e0000000)
  object space 93184K, 56% used [0x00000000a0000000,0x00000000a332eeb0,0x00000000a5b00000)
 Metaspace       used 80910K, capacity 85402K, committed 85464K, reserved 1124352K
  class space    used 10607K, capacity 11462K, committed 11520K, reserved 1048576K
}
Event: 5617.041 GC heap before
{Heap before GC invocations=18 (full 3):
 PSYoungGen      total 236032K, used 236020K [0x00000000e0000000, 0x00000000f1a00000, 0x0000000100000000)
  eden space 198656K, 100% used [0x00000000e0000000,0x00000000ec200000,0x00000000ec200000)
  from space 37376K, 99% used [0x00000000eef80000,0x00000000f13fd2b0,0x00000000f1400000)
  to   space 45056K, 0% used [0x00000000ec200000,0x00000000ec200000,0x00000000eee00000)
 ParOldGen       total 93184K, used 52411K [0x00000000a0000000, 0x00000000a5b00000, 0x00000000e0000000)
  object space 93184K, 56% used [0x00000000a0000000,0x00000000a332eeb0,0x00000000a5b00000)
 Metaspace       used 82575K, capacity 87360K, committed 87512K, reserved 1124352K
  class space    used 10771K, capacity 11685K, committed 11776K, reserved 1048576K
Event: 5617.467 GC heap after
Heap after GC invocations=18 (full 3):
 PSYoungGen      total 219136K, used 28109K [0x00000000e0000000, 0x00000000f1580000, 0x0000000100000000)
  eden space 190976K, 0% used [0x00000000e0000000,0x00000000e0000000,0x00000000eba80000)
  from space 28160K, 99% used [0x00000000ec200000,0x00000000edd73738,0x00000000edd80000)
  to   space 46592K, 0% used [0x00000000ee800000,0x00000000ee800000,0x00000000f1580000)
 ParOldGen       total 93184K, used 71160K [0x00000000a0000000, 0x00000000a5b00000, 0x00000000e0000000)
  object space 93184K, 76% used [0x00000000a0000000,0x00000000a457e2e8,0x00000000a5b00000)
 Metaspace       used 82575K, capacity 87360K, committed 87512K, reserved 1124352K
  class space    used 10771K, capacity 11685K, committed 11776K, reserved 1048576K
}

