# JRE version: OpenJDK Runtime Environment (8.0_202-b03) (build 1.8.0_202-release-1483-b03)
# Java VM: OpenJDK 64-Bit Server VM (25.202-b03 mixed mode windows-amd64 compressed oops)
Heap:
 PSYoungGen      total 312832K, used 300102K [0x00000000e0000000, 0x0000000100000000, 0x0000000100000000)
  eden space 167936K, 100% used [0x00000000e0000000,0x00000000ea400000,0x00000000ea400000)
  from space 144896K, 91% used [0x00000000ea400000,0x00000000f2511a40,0x00000000f3180000)
  to   space 165888K, 38% used [0x00000000f5e00000,0x00000000f9c40068,0x0000000100000000)
 ParOldGen       total 289280K, used 163740K [0x00000000a0000000, 0x00000000b1a80000, 0x00000000e0000000)
  object space 289280K, 56% used [0x00000000a0000000,0x00000000a9fe70c0,0x00000000b1a80000)
 Metaspace       used 100175K, capacity 104402K, committed 104724K, reserved 1140736K
  class space    used 12957K, capacity 13768K, committed 13884K, reserved 1048576K
GC Heap History (10 events):
Event: 1055.956 GC heap after
Heap after GC invocations=27 (full 6):
 PSYoungGen      total 243200K, used 11141K [0x00000000e0000000, 0x00000000f5280000, 0x0000000100000000)
  eden space 147456K, 0% used [0x00000000e0000000,0x00000000e0000000,0x00000000e9000000)
  from space 95744K, 11% used [0x00000000e9000000,0x00000000e9ae1740,0x00000000eed80000)
  to   space 93184K, 0% used [0x00000000ef780000,0x00000000ef780000,0x00000000f5280000)
 ParOldGen       total 289280K, used 129613K [0x00000000a0000000, 0x00000000b1a80000, 0x00000000e0000000)
  object space 289280K, 44% used [0x00000000a0000000,0x00000000a7e935c8,0x00000000b1a80000)
 Metaspace       used 92928K, capacity 96288K, committed 96404K, reserved 1132544K
  class space    used 12179K, capacity 12875K, committed 12988K, reserved 1048576K
}
Event: 1060.256 GC heap before
{Heap before GC invocations=28 (full 6):
 PSYoungGen      total 243200K, used 158597K [0x00000000e0000000, 0x00000000f5280000, 0x0000000100000000)
  eden space 147456K, 100% used [0x00000000e0000000,0x00000000e9000000,0x00000000e9000000)
  from space 95744K, 11% used [0x00000000e9000000,0x00000000e9ae1740,0x00000000eed80000)
  to   space 93184K, 0% used [0x00000000ef780000,0x00000000ef780000,0x00000000f5280000)
 ParOldGen       total 289280K, used 129613K [0x00000000a0000000, 0x00000000b1a80000, 0x00000000e0000000)
  object space 289280K, 44% used [0x00000000a0000000,0x00000000a7e935c8,0x00000000b1a80000)
 Metaspace       used 94927K, capacity 98330K, committed 98580K, reserved 1134592K
  class space    used 12389K, capacity 13108K, committed 13116K, reserved 1048576K
Event: 1060.314 GC heap after
Heap after GC invocations=28 (full 6):
 PSYoungGen      total 241152K, used 79819K [0x00000000e0000000, 0x00000000f6980000, 0x0000000100000000)
  eden space 147968K, 0% used [0x00000000e0000000,0x00000000e0000000,0x00000000e9080000)
  from space 93184K, 85% used [0x00000000ef780000,0x00000000f4572fc0,0x00000000f5280000)
  to   space 105472K, 0% used [0x00000000e9080000,0x00000000e9080000,0x00000000ef780000)
 ParOldGen       total 289280K, used 129621K [0x00000000a0000000, 0x00000000b1a80000, 0x00000000e0000000)
  object space 289280K, 44% used [0x00000000a0000000,0x00000000a7e955c8,0x00000000b1a80000)
 Metaspace       used 94927K, capacity 98330K, committed 98580K, reserved 1134592K
  class space    used 12389K, capacity 13108K, committed 13116K, reserved 1048576K
}
Event: 1060.869 GC heap before
{Heap before GC invocations=29 (full 6):
 PSYoungGen      total 241152K, used 227787K [0x00000000e0000000, 0x00000000f6980000, 0x0000000100000000)
  eden space 147968K, 100% used [0x00000000e0000000,0x00000000e9080000,0x00000000e9080000)
  from space 93184K, 85% used [0x00000000ef780000,0x00000000f4572fc0,0x00000000f5280000)
  to   space 105472K, 0% used [0x00000000e9080000,0x00000000e9080000,0x00000000ef780000)
 ParOldGen       total 289280K, used 129621K [0x00000000a0000000, 0x00000000b1a80000, 0x00000000e0000000)
  object space 289280K, 44% used [0x00000000a0000000,0x00000000a7e955c8,0x00000000b1a80000)
 Metaspace       used 95676K, capacity 99164K, committed 99476K, reserved 1136640K
  class space    used 12445K, capacity 13147K, committed 13244K, reserved 1048576K
Event: 1061.059 GC heap after
Heap after GC invocations=29 (full 6):
 PSYoungGen      total 253440K, used 105460K [0x00000000e0000000, 0x00000000fb580000, 0x0000000100000000)
  eden space 147968K, 0% used [0x00000000e0000000,0x00000000e0000000,0x00000000e9080000)
  from space 105472K, 99% used [0x00000000e9080000,0x00000000ef77d210,0x00000000ef780000)
  to   space 135168K, 0% used [0x00000000f3180000,0x00000000f3180000,0x00000000fb580000)
 ParOldGen       total 289280K, used 159579K [0x00000000a0000000, 0x00000000b1a80000, 0x00000000e0000000)
  object space 289280K, 55% used [0x00000000a0000000,0x00000000a9bd6fe0,0x00000000b1a80000)
 Metaspace       used 95676K, capacity 99164K, committed 99476K, reserved 1136640K
  class space    used 12445K, capacity 13147K, committed 13244K, reserved 1048576K
}
Event: 1065.219 GC heap before
{Heap before GC invocations=30 (full 6):
 PSYoungGen      total 253440K, used 253428K [0x00000000e0000000, 0x00000000fb580000, 0x0000000100000000)
  eden space 147968K, 100% used [0x00000000e0000000,0x00000000e9080000,0x00000000e9080000)
  from space 105472K, 99% used [0x00000000e9080000,0x00000000ef77d210,0x00000000ef780000)
  to   space 135168K, 0% used [0x00000000f3180000,0x00000000f3180000,0x00000000fb580000)
 ParOldGen       total 289280K, used 159579K [0x00000000a0000000, 0x00000000b1a80000, 0x00000000e0000000)
  object space 289280K, 55% used [0x00000000a0000000,0x00000000a9bd6fe0,0x00000000b1a80000)
 Metaspace       used 95939K, capacity 99384K, committed 99732K, reserved 1136640K
  class space    used 12448K, capacity 13149K, committed 13244K, reserved 1048576K
Event: 1065.317 GC heap after
Heap after GC invocations=30 (full 6):
 PSYoungGen      total 303104K, used 95551K [0x00000000e0000000, 0x00000000fc580000, 0x0000000100000000)
  eden space 167936K, 0% used [0x00000000e0000000,0x00000000e0000000,0x00000000ea400000)
  from space 135168K, 70% used [0x00000000f3180000,0x00000000f8ecff10,0x00000000fb580000)
  to   space 144896K, 0% used [0x00000000ea400000,0x00000000ea400000,0x00000000f3180000)
 ParOldGen       total 289280K, used 162924K [0x00000000a0000000, 0x00000000b1a80000, 0x00000000e0000000)
  object space 289280K, 56% used [0x00000000a0000000,0x00000000a9f1b0b0,0x00000000b1a80000)
 Metaspace       used 95939K, capacity 99384K, committed 99732K, reserved 1136640K
  class space    used 12448K, capacity 13149K, committed 13244K, reserved 1048576K
}
Event: 1066.337 GC heap before
{Heap before GC invocations=31 (full 6):
 PSYoungGen      total 303104K, used 261121K [0x00000000e0000000, 0x00000000fc580000, 0x0000000100000000)
  eden space 167936K, 98% used [0x00000000e0000000,0x00000000ea1b0848,0x00000000ea400000)
  from space 135168K, 70% used [0x00000000f3180000,0x00000000f8ecff10,0x00000000fb580000)
  to   space 144896K, 0% used [0x00000000ea400000,0x00000000ea400000,0x00000000f3180000)
 ParOldGen       total 289280K, used 162924K [0x00000000a0000000, 0x00000000b1a80000, 0x00000000e0000000)
  object space 289280K, 56% used [0x00000000a0000000,0x00000000a9f1b0b0,0x00000000b1a80000)
 Metaspace       used 95959K, capacity 99384K, committed 99732K, reserved 1136640K
  class space    used 12449K, capacity 13149K, committed 13244K, reserved 1048576K
Event: 1066.459 GC heap after
Heap after GC invocations=31 (full 6):
 PSYoungGen      total 312832K, used 132166K [0x00000000e0000000, 0x0000000100000000, 0x0000000100000000)
  eden space 167936K, 0% used [0x00000000e0000000,0x00000000e0000000,0x00000000ea400000)
  from space 144896K, 91% used [0x00000000ea400000,0x00000000f2511a40,0x00000000f3180000)
  to   space 165888K, 0% used [0x00000000f5e00000,0x00000000f5e00000,0x0000000100000000)
 ParOldGen       total 289280K, used 162932K [0x00000000a0000000, 0x00000000b1a80000, 0x00000000e0000000)
  object space 289280K, 56% used [0x00000000a0000000,0x00000000a9f1d0b0,0x00000000b1a80000)
 Metaspace       used 95959K, capacity 99384K, committed 99732K, reserved 1136640K
  class space    used 12449K, capacity 13149K, committed 13244K, reserved 1048576K
}
Event: 1370.699 GC heap before
{Heap before GC invocations=32 (full 6):
 PSYoungGen      total 312832K, used 300102K [0x00000000e0000000, 0x0000000100000000, 0x0000000100000000)
  eden space 167936K, 100% used [0x00000000e0000000,0x00000000ea400000,0x00000000ea400000)
  from space 144896K, 91% used [0x00000000ea400000,0x00000000f2511a40,0x00000000f3180000)
  to   space 165888K, 0% used [0x00000000f5e00000,0x00000000f5e00000,0x0000000100000000)
 ParOldGen       total 289280K, used 162932K [0x00000000a0000000, 0x00000000b1a80000, 0x00000000e0000000)
  object space 289280K, 56% used [0x00000000a0000000,0x00000000a9f1d0b0,0x00000000b1a80000)
 Metaspace       used 100175K, capacity 104402K, committed 104724K, reserved 1140736K
  class space    used 12957K, capacity 13768K, committed 13884K, reserved 1048576K

